SF:lib/app/core/shared/errors/base_error.dart
DA:6,7
DA:12,1
DA:14,5
LF:3
LH:3
end_of_record
SF:lib/app/core/shared/result_wrapper/result_wrapper.dart
DA:4,8
DA:6,5
DA:10,5
DA:11,10
DA:12,4
DA:13,8
DA:15,0
DA:18,1
DA:19,1
DA:20,3
DA:22,2
DA:30,7
DA:36,6
LF:13
LH:12
end_of_record
SF:lib/app/core/shared/services/http_client/http_client_service.dart
DA:17,1
DA:22,1
DA:24,1
DA:25,3
DA:26,3
DA:28,0
DA:31,1
DA:32,3
DA:35,2
DA:36,2
DA:38,2
DA:40,0
DA:45,1
DA:51,2
DA:53,1
DA:54,1
DA:55,0
DA:57,2
DA:59,1
DA:61,4
DA:62,1
DA:64,2
DA:65,2
DA:66,1
DA:69,1
DA:70,2
DA:71,1
DA:72,0
DA:73,1
DA:74,0
DA:75,1
DA:76,0
DA:78,2
DA:79,1
LF:34
LH:28
end_of_record
SF:lib/app/modules/motel/domain/entities/motel_search_result_entity.dart
DA:13,6
DA:22,1
DA:24,7
LF:3
LH:3
end_of_record
SF:lib/app/modules/motel/domain/errors/motel_errors.dart
DA:4,2
DA:8,2
DA:16,1
DA:24,2
LF:4
LH:4
end_of_record
SF:lib/app/modules/motel/infra/respositories/motel_repository.dart
DA:10,1
DA:12,1
DA:15,2
DA:17,1
DA:18,1
DA:19,1
DA:21,1
DA:22,2
DA:29,2
LF:9
LH:9
end_of_record
SF:lib/app/modules/motel/domain/usecases/get_list_motel.dart
DA:12,1
DA:14,1
DA:16,2
LF:3
LH:3
end_of_record
SF:lib/app/modules/motel/domain/entities/motel_entity.dart
DA:13,5
DA:22,1
DA:23,1
DA:24,1
DA:25,1
DA:26,1
DA:27,1
DA:28,1
DA:29,1
LF:9
LH:9
end_of_record
SF:lib/app/modules/motel/domain/entities/suite_entity.dart
DA:11,4
DA:18,2
DA:19,2
DA:20,2
DA:21,2
DA:22,2
DA:23,2
LF:7
LH:7
end_of_record
SF:lib/app/modules/motel/domain/entities/period_entity.dart
DA:11,5
DA:20,1
DA:21,1
DA:22,1
DA:23,1
DA:24,1
DA:25,1
DA:26,1
DA:27,1
LF:9
LH:9
end_of_record
SF:lib/app/modules/motel/infra/model/period_model.dart
DA:4,3
DA:13,3
DA:14,3
DA:15,3
DA:16,3
DA:17,6
DA:18,6
DA:19,3
DA:20,3
DA:21,6
LF:10
LH:10
end_of_record
SF:lib/app/modules/motel/domain/entities/category_item_entity.dart
DA:7,3
DA:12,1
DA:13,3
LF:3
LH:3
end_of_record
SF:lib/app/modules/motel/infra/model/category_item_model.dart
DA:4,2
DA:6,2
DA:7,2
DA:8,2
DA:9,2
LF:5
LH:5
end_of_record
SF:lib/app/modules/motel/infra/model/motel_model.dart
DA:9,2
DA:21,2
DA:22,2
DA:23,2
DA:24,2
DA:25,2
DA:26,4
DA:27,4
DA:28,3
DA:29,4
DA:30,2
DA:31,2
DA:32,2
DA:33,2
LF:14
LH:14
end_of_record
SF:lib/app/modules/motel/infra/model/suite_model.dart
DA:10,2
DA:20,2
DA:21,2
DA:22,2
DA:23,2
DA:24,2
DA:25,6
DA:26,2
DA:27,0
DA:28,2
DA:29,6
DA:30,2
DA:31,1
DA:32,3
DA:33,1
DA:34,2
DA:35,2
DA:36,1
DA:37,3
DA:38,1
DA:39,2
LF:21
LH:20
end_of_record
SF:lib/app/modules/motel/infra/model/motel_search_result_model.dart
DA:9,2
DA:13,2
DA:14,2
DA:15,2
DA:16,2
DA:17,2
DA:18,2
DA:22,2
DA:23,2
DA:24,2
DA:25,2
DA:26,2
DA:27,2
DA:28,2
DA:29,4
DA:30,2
DA:31,1
LF:17
LH:17
end_of_record
SF:lib/app/modules/motel/infra/model/pagination_model.dart
DA:9,3
DA:18,3
DA:19,3
DA:20,3
DA:21,3
DA:22,3
DA:23,3
DA:24,3
DA:25,3
LF:9
LH:9
end_of_record
SF:lib/app/modules/motel/external/datasources/motel_datasource.dart
DA:14,1
DA:16,1
DA:19,1
DA:21,3
DA:26,1
DA:27,1
DA:28,4
DA:29,2
DA:31,1
DA:36,3
DA:38,2
DA:40,2
DA:46,0
DA:47,0
DA:54,2
LF:15
LH:13
end_of_record
SF:lib/app/core/shared/env/dev/dev.dart
DA:4,0
LF:1
LH:0
end_of_record
SF:lib/app/core/shared/env/env.dart
DA:4,0
DA:12,0
DA:16,0
DA:18,0
DA:23,0
LF:5
LH:0
end_of_record
SF:lib/app/core/shared/states/base_page_state.dart
DA:6,1
DA:8,0
DA:9,0
DA:11,0
DA:18,1
DA:20,0
DA:21,0
DA:23,0
DA:30,1
DA:32,0
DA:33,0
DA:35,0
DA:42,0
DA:44,0
DA:45,0
DA:47,0
DA:54,2
DA:56,0
DA:57,0
DA:59,0
DA:66,0
DA:68,0
DA:69,0
DA:71,0
LF:24
LH:4
end_of_record
SF:lib/app/modules/motel/presentation/bloc/get_motels_bloc.dart
DA:7,2
DA:13,1
DA:15,1
DA:17,2
DA:19,2
DA:21,1
DA:22,1
DA:23,2
DA:25,1
DA:26,3
DA:30,0
LF:11
LH:10
end_of_record
